<?xml version="1.0" encoding="UTF-8"?>
<testng-results skipped="0" failed="0" total="1" passed="1">
  <reporter-output>
  </reporter-output>
  <suite name="Default suite" duration-ms="6959" started-at="2020-04-19T15:43:33Z" finished-at="2020-04-19T15:43:40Z">
    <groups>
    </groups>
    <test name="Default test" duration-ms="6959" started-at="2020-04-19T15:43:33Z" finished-at="2020-04-19T15:43:40Z">
      <class name="TestingPractice2.JiraTesting">
        <test-method status="PASS" signature="test()[pri:0, instance:TestingPractice2.JiraTesting@7f9a81e8]" name="test" duration-ms="6916" started-at="2020-04-19T21:13:33Z" finished-at="2020-04-19T21:13:40Z">
          <reporter-output>
          </reporter-output>
        </test-method> <!-- test -->
      </class> <!-- TestingPractice2.JiraTesting -->
    </test> <!-- Default test -->
  </suite> <!-- Default suite -->
</testng-results>
